<?xml version="1.0" encoding="UTF-8"?>
<testsuites>
  <testsuite name="" tests="21" assertions="51" errors="0" warnings="0" failures="0" skipped="0" time="4.199482">
    <testsuite name="P\Tests\PruneTokenTest" file="/home/runner/work/sanctum-refresh/sanctum-refresh/vendor/pestphp/pest/src/Factories/TestCaseFactory.php(223) : eval()'d code" tests="2" assertions="2" errors="0" warnings="0" failures="0" skipped="0" time="0.494692">
      <testcase name="it Not Prune Any Token" assertions="1" time="0.330209"/>
      <testcase name="it Pruned Old Token successfully" assertions="1" time="0.164483"/>
    </testsuite>
    <testsuite name="P\Tests\AuthControllerTest" file="/home/runner/work/sanctum-refresh/sanctum-refresh/vendor/pestphp/pest/src/Factories/TestCaseFactory.php(223) : eval()'d code" tests="6" assertions="30" errors="0" warnings="0" failures="0" skipped="0" time="1.686765">
      <testcase name="it error user wrong credentials" assertions="3" time="0.395005"/>
      <testcase name="it user can login" assertions="8" time="0.247753"/>
      <testcase name="it can refresh user token (from cookie)" assertions="9" time="0.255957"/>
      <testcase name="it failed refresh user token (invalid token given)" assertions="1" time="0.163973"/>
      <testcase name="it use username instead of email" assertions="1" time="0.366979"/>
      <testcase name="it can refresh user token (from json)" assertions="8" time="0.257097"/>
    </testsuite>
    <testsuite name="P\Tests\IssueTokenTest" file="/home/runner/work/sanctum-refresh/sanctum-refresh/vendor/pestphp/pest/src/Factories/TestCaseFactory.php(223) : eval()'d code" tests="1" assertions="1" errors="0" warnings="0" failures="0" skipped="0" time="0.150729">
      <testcase name="it Must throw exception when model with no HasApiTokens trait given" assertions="1" time="0.150729"/>
    </testsuite>
    <testsuite name="P\Tests\CheckRefreshTokenTest" file="/home/runner/work/sanctum-refresh/sanctum-refresh/vendor/pestphp/pest/src/Factories/TestCaseFactory.php(223) : eval()'d code" tests="2" assertions="2" errors="0" warnings="0" failures="0" skipped="0" time="0.331419">
      <testcase name="it invalid refresh token given" assertions="1" time="0.165221"/>
      <testcase name="it no refresh token provided" assertions="1" time="0.166198"/>
    </testsuite>
    <testsuite name="P\Tests\SanctumRefreshTest" file="/home/runner/work/sanctum-refresh/sanctum-refresh/vendor/pestphp/pest/src/Factories/TestCaseFactory.php(223) : eval()'d code" tests="8" assertions="14" errors="0" warnings="0" failures="0" skipped="0" time="1.226415">
      <testcase name="it can custom loginUrl" assertions="1" time="0.150694"/>
      <testcase name="it can add custom refresh middleware" assertions="4" time="0.150015"/>
      <testcase name="it can custom refreshUrl" assertions="1" time="0.154491"/>
      <testcase name="it can custom authedMessage from given config" assertions="1" time="0.154801"/>
      <testcase name="it can custom middlewareMessage" assertions="1" time="0.155213"/>
      <testcase name="it can add custom login middleware" assertions="2" time="0.153778"/>
      <testcase name="it registered all the routes successfully" assertions="2" time="0.154874"/>
      <testcase name="it only show refresh route only" assertions="2" time="0.152550"/>
    </testsuite>
    <testsuite name="P\Tests\FacadeSanctumRefreshTest" file="/home/runner/work/sanctum-refresh/sanctum-refresh/vendor/pestphp/pest/src/Factories/TestCaseFactory.php(223) : eval()'d code" tests="1" assertions="1" errors="0" warnings="0" failures="0" skipped="0" time="0.153318">
      <testcase name="it Ensure facade has a correct accessor" assertions="1" time="0.153318"/>
    </testsuite>
    <testsuite name="P\Tests\CalculateTest" file="/home/runner/work/sanctum-refresh/sanctum-refresh/vendor/pestphp/pest/src/Factories/TestCaseFactory.php(223) : eval()'d code" tests="1" assertions="1" errors="0" warnings="0" failures="0" skipped="0" time="0.156144">
      <testcase name="it Gives correct calculation" assertions="1" time="0.156144"/>
    </testsuite>
  </testsuite>
</testsuites>
